Arguments: 
  /Users/manato/.nodebrew/node/v16.17.0/bin/node /Users/manato/.nodebrew/current/bin/yarn add --dev @types/stimulus-autocomplete

PATH: 
  /opt/homebrew/Cellar/nodenv/1.4.0/libexec:/opt/homebrew/opt/mysql@5.7/bin:/Users/manato/.pyenv/shims:/Users/manato/.pyenv/bin:/Users/manato/.nodenv/shims:/Users/manato/.nodebrew/current/bin:/Users/manato/.rbenv/shims:/Users/manato/.rbenv/bin:/opt/homebrew/bin:/opt/homebrew/sbin:/usr/local/bin:/System/Cryptexes/App/usr/bin:/usr/bin:/bin:/usr/sbin:/sbin:/Library/Apple/usr/bin:/opt/homebrew/opt/mysql@5.7/bin:/Users/manato/.pyenv/bin:/Users/manato/.nodenv/shims:/Users/manato/.nodebrew/current/bin:/Users/manato/.rbenv/shims:/Users/manato/.rbenv/bin:/opt/homebrew/bin:/opt/homebrew/sbin

Yarn version: 
  1.22.19

Node version: 
  16.17.0

Platform: 
  darwin arm64

Trace: 
  Error: https://registry.yarnpkg.com/@types%2fstimulus-autocomplete: Not found
      at Request.params.callback [as _callback] (/Users/manato/.nodebrew/node/v16.17.0/lib/node_modules/yarn/lib/cli.js:66145:18)
      at Request.self.callback (/Users/manato/.nodebrew/node/v16.17.0/lib/node_modules/yarn/lib/cli.js:140890:22)
      at Request.emit (node:events:513:28)
      at Request.<anonymous> (/Users/manato/.nodebrew/node/v16.17.0/lib/node_modules/yarn/lib/cli.js:141862:10)
      at Request.emit (node:events:513:28)
      at IncomingMessage.<anonymous> (/Users/manato/.nodebrew/node/v16.17.0/lib/node_modules/yarn/lib/cli.js:141784:12)
      at Object.onceWrapper (node:events:627:28)
      at IncomingMessage.emit (node:events:525:35)
      at endReadableNT (node:internal/streams/readable:1358:12)
      at processTicksAndRejections (node:internal/process/task_queues:83:21)

npm manifest: 
  {
    "dependencies": {
      "stimulus-autocomplete": "^3.1.0"
    }
  }

yarn manifest: 
  No manifest

Lockfile: 
  # THIS IS AN AUTOGENERATED FILE. DO NOT EDIT THIS FILE DIRECTLY.
  # yarn lockfile v1
  
  
  stimulus-autocomplete@^3.1.0:
    version "3.1.0"
    resolved "https://registry.yarnpkg.com/stimulus-autocomplete/-/stimulus-autocomplete-3.1.0.tgz#7c9292706556ed0a87abf60ea2688bf0ea1176a8"
    integrity sha512-SmVViCdA8yCl99oV2kzllNOqYjx7wruY+1OjAVsDTkZMNFZG5j+SqDKHMYbu+dRFy/SWq/PParzwZHvLAgH+YA==
